<?xml version="1.0" encoding="utf-8"?><testsuites><testsuite name="pytest" errors="0" failures="0" skipped="0" tests="4" time="0.347" timestamp="2024-06-16T20:45:13.441798" hostname="Vivobook"><testcase classname="test.test_spot_finder" name="test_update_evcsn_data" time="0.045" /><testcase classname="test.test_spot_finder" name="test_handle_start_data" time="0.005" /><testcase classname="test.test_spot_finder" name="test_select_station" time="0.005" /><testcase classname="test.test_spot_finder" name="test_publish_location" time="0.004" /></testsuite></testsuites>
